status file for recon-all
Mon Oct 27 15:00:31 PDT 2025
#@# MotionCor Mon Oct 27 15:00:31 PDT 2025
#@# Nu Intensity Correction Mon Oct 27 15:13:22 PDT 2025
#@# Intensity Normalization Mon Oct 27 15:14:30 PDT 2025
\n#@# MCADura Segmentation Mon Oct 27 15:15:48 PDT 2025
\n#@# VSinus Segmentation Mon Oct 27 15:16:03 PDT 2025
\n#@# EntoWM Segmentation Mon Oct 27 15:16:16 PDT 2025
recon-all -s freesurfer finished without error at Mon Oct 27 15:16:24 PDT 2025
\n\n
#New# invocation of recon-all 
\n\n
status file for recon-all
Mon Oct 27 15:16:26 PDT 2025
\n#@# MCADura Segmentation Mon Oct 27 15:16:27 PDT 2025
MCADura Segmentation does not need to be updated
\n#@# VSinus Segmentation Mon Oct 27 15:16:27 PDT 2025
VSinus Segmentation does not need to be updated
#@# EM Registration Mon Oct 27 15:16:27 PDT 2025
#@# CA Normalize Mon Oct 27 15:22:40 PDT 2025
\n#@# EntoWM Segmentation Mon Oct 27 15:23:25 PDT 2025
EntoWM Segmentation does not need to be updated
#@# CC Seg Mon Oct 27 15:23:25 PDT 2025
Darwin Cedrics-Mac-Studio.local 25.0.0 Darwin Kernel Version 25.0.0: Wed Sep 17 21:41:45 PDT 2025; root:xnu-12377.1.9~141/RELEASE_ARM64_T6000 arm64

recon-all -s freesurfer exited with ERRORS at Mon Oct 27 15:23:26 PDT 2025

\n\n
#New# invocation of recon-all 
\n\n
status file for recon-all
Mon Oct 27 15:23:27 PDT 2025
\n#@# MCADura Segmentation Mon Oct 27 15:23:27 PDT 2025
MCADura Segmentation does not need to be updated
\n#@# VSinus Segmentation Mon Oct 27 15:23:27 PDT 2025
VSinus Segmentation does not need to be updated
#@# EM Registration Mon Oct 27 15:23:27 PDT 2025
#@# CA Normalize Mon Oct 27 15:29:14 PDT 2025
\n#@# EntoWM Segmentation Mon Oct 27 15:29:59 PDT 2025
EntoWM Segmentation does not need to be updated
#@# CC Seg Mon Oct 27 15:29:59 PDT 2025
Darwin Cedrics-Mac-Studio.local 25.0.0 Darwin Kernel Version 25.0.0: Wed Sep 17 21:41:45 PDT 2025; root:xnu-12377.1.9~141/RELEASE_ARM64_T6000 arm64

recon-all -s freesurfer exited with ERRORS at Mon Oct 27 15:30:00 PDT 2025

